<?xml version="1.0" encoding="UTF-8"?>
<testng-results ignored="0" total="10" passed="10" failed="0" skipped="0">
  <reporter-output>
  </reporter-output>
  <suite started-at="2024-05-13T10:47:12 IST" name="Default suite" finished-at="2024-05-13T10:48:58 IST" duration-ms="106784">
    <groups>
    </groups>
    <test started-at="2024-05-13T10:47:12 IST" name="Default test" finished-at="2024-05-13T10:48:58 IST" duration-ms="106784">
      <class name="testCases.TC_001_GumTree">
        <test-method is-config="true" signature="setUp()[pri:0, instance:testCases.TC_001_GumTree@6fa51cd4]" started-at="2024-05-13T10:47:12 IST" name="setUp" finished-at="2024-05-13T10:47:26 IST" duration-ms="14647" status="PASS">
          <reporter-output>
          </reporter-output>
        </test-method> <!-- setUp -->
        <test-method signature="login()[pri:1, instance:testCases.TC_001_GumTree@6fa51cd4]" started-at="2024-05-13T10:47:26 IST" name="login" finished-at="2024-05-13T10:47:55 IST" duration-ms="28926" status="PASS">
          <reporter-output>
          </reporter-output>
        </test-method> <!-- login -->
        <test-method signature="getCarDetails()[pri:2, instance:testCases.TC_001_GumTree@6fa51cd4]" started-at="2024-05-13T10:47:55 IST" name="getCarDetails" finished-at="2024-05-13T10:48:11 IST" duration-ms="15679" status="PASS">
          <reporter-output>
          </reporter-output>
        </test-method> <!-- getCarDetails -->
        <test-method signature="adSearch()[pri:3, instance:testCases.TC_001_GumTree@6fa51cd4]" started-at="2024-05-13T10:48:11 IST" name="adSearch" finished-at="2024-05-13T10:48:14 IST" duration-ms="3267" status="PASS">
          <reporter-output>
          </reporter-output>
        </test-method> <!-- adSearch -->
        <test-method signature="adDetails()[pri:4, instance:testCases.TC_001_GumTree@6fa51cd4]" started-at="2024-05-13T10:48:14 IST" name="adDetails" finished-at="2024-05-13T10:48:22 IST" duration-ms="7212" status="PASS">
          <reporter-output>
          </reporter-output>
        </test-method> <!-- adDetails -->
        <test-method signature="profileVerification()[pri:5, instance:testCases.TC_001_GumTree@6fa51cd4]" started-at="2024-05-13T10:48:22 IST" name="profileVerification" finished-at="2024-05-13T10:48:29 IST" duration-ms="7244" status="PASS">
          <reporter-output>
          </reporter-output>
        </test-method> <!-- profileVerification -->
        <test-method signature="favouriteAds()[pri:6, instance:testCases.TC_001_GumTree@6fa51cd4]" started-at="2024-05-13T10:48:29 IST" name="favouriteAds" finished-at="2024-05-13T10:48:38 IST" duration-ms="9023" status="PASS">
          <reporter-output>
          </reporter-output>
        </test-method> <!-- favouriteAds -->
        <test-method signature="MyDetails()[pri:7, instance:testCases.TC_001_GumTree@6fa51cd4]" started-at="2024-05-13T10:48:38 IST" name="MyDetails" finished-at="2024-05-13T10:48:40 IST" duration-ms="2132" status="PASS">
          <reporter-output>
          </reporter-output>
        </test-method> <!-- MyDetails -->
        <test-method signature="AboutGumtree()[pri:8, instance:testCases.TC_001_GumTree@6fa51cd4]" started-at="2024-05-13T10:48:40 IST" name="AboutGumtree" finished-at="2024-05-13T10:48:45 IST" duration-ms="5294" status="PASS">
          <reporter-output>
          </reporter-output>
        </test-method> <!-- AboutGumtree -->
        <test-method signature="logout()[pri:9, instance:testCases.TC_001_GumTree@6fa51cd4]" started-at="2024-05-13T10:48:45 IST" name="logout" finished-at="2024-05-13T10:48:49 IST" duration-ms="4045" status="PASS">
          <reporter-output>
          </reporter-output>
        </test-method> <!-- logout -->
        <test-method signature="InValidLogin()[pri:10, instance:testCases.TC_001_GumTree@6fa51cd4]" started-at="2024-05-13T10:48:49 IST" name="InValidLogin" finished-at="2024-05-13T10:48:55 IST" duration-ms="5899" status="PASS">
          <reporter-output>
          </reporter-output>
        </test-method> <!-- InValidLogin -->
        <test-method is-config="true" signature="closeBrowser()[pri:0, instance:testCases.TC_001_GumTree@6fa51cd4]" started-at="2024-05-13T10:48:55 IST" name="closeBrowser" finished-at="2024-05-13T10:48:58 IST" duration-ms="3292" status="PASS">
          <reporter-output>
          </reporter-output>
        </test-method> <!-- closeBrowser -->
      </class> <!-- testCases.TC_001_GumTree -->
    </test> <!-- Default test -->
  </suite> <!-- Default suite -->
</testng-results>
